<?xml version="1.0" encoding="UTF-8"?>
<!-- Generated by org.testng.reporters.JUnitXMLReporter -->
<testsuite ignored="0" hostname="DESKTOP-O8HP0HC" failures="0" tests="21" name="Test" time="112.848" errors="0" timestamp="2024-12-12T16:11:30 IST">
  <testcase classname="testbase.BaseTest" name="@BeforeClass runTimesetup" time="34.069">
    <failure type="org.openqa.selenium.NoSuchWindowException" message="Browsing context has been discarded
Build info: version: &amp;apos;4.26.0&amp;apos;, revision: &amp;apos;8ccf0219d7&amp;apos;
System info: os.name: &amp;apos;Windows 10&amp;apos;, os.arch: &amp;apos;amd64&amp;apos;, os.version: &amp;apos;10.0&amp;apos;, java.version: &amp;apos;22.0.2&amp;apos;
Driver info: org.openqa.selenium.firefox.FirefoxDriver
Command: [c221835b-2c74-4862-b512-567fd13c4356, maximizeCurrentWindow {}]
Capabilities {acceptInsecureCerts: true, browserName: firefox, browserVersion: 133.0, moz:accessibilityChecks: false, moz:buildID: 20241121140525, moz:debuggerAddress: 127.0.0.1:34643, moz:geckodriverVersion: 0.35.0, moz:headless: false, moz:platformVersion: 10.0, moz:processID: 10380, moz:profile: C:\Users\Admin\AppData\Loca..., moz:shutdownTimeout: 60000, moz:webdriverClick: true, moz:windowless: false, pageLoadStrategy: normal, platformName: windows, proxy: Proxy(), se:cdp: ws://127.0.0.1:34643/devtoo..., se:cdpVersion: 85.0, setWindowRect: true, strictFileInteractability: false, timeouts: {implicit: 0, pageLoad: 300000, script: 30000}, unhandledPromptBehavior: dismiss and notify, userAgent: Mozilla/5.0 (Windows NT 10....}
Session ID: c221835b-2c74-4862-b512-567fd13c4356">
      <![CDATA[org.openqa.selenium.NoSuchWindowException: Browsing context has been discarded
Build info: version: '4.26.0', revision: '8ccf0219d7'
System info: os.name: 'Windows 10', os.arch: 'amd64', os.version: '10.0', java.version: '22.0.2'
Driver info: org.openqa.selenium.firefox.FirefoxDriver
Command: [c221835b-2c74-4862-b512-567fd13c4356, maximizeCurrentWindow {}]
Capabilities {acceptInsecureCerts: true, browserName: firefox, browserVersion: 133.0, moz:accessibilityChecks: false, moz:buildID: 20241121140525, moz:debuggerAddress: 127.0.0.1:34643, moz:geckodriverVersion: 0.35.0, moz:headless: false, moz:platformVersion: 10.0, moz:processID: 10380, moz:profile: C:\Users\Admin\AppData\Loca..., moz:shutdownTimeout: 60000, moz:webdriverClick: true, moz:windowless: false, pageLoadStrategy: normal, platformName: windows, proxy: Proxy(), se:cdp: ws://127.0.0.1:34643/devtoo..., se:cdpVersion: 85.0, setWindowRect: true, strictFileInteractability: false, timeouts: {implicit: 0, pageLoad: 300000, script: 30000}, unhandledPromptBehavior: dismiss and notify, userAgent: Mozilla/5.0 (Windows NT 10....}
Session ID: c221835b-2c74-4862-b512-567fd13c4356
at org.openqa.selenium.remote.ErrorCodec.decode(ErrorCodec.java:167)
at org.openqa.selenium.remote.codec.w3c.W3CHttpResponseCodec.decode(W3CHttpResponseCodec.java:138)
at org.openqa.selenium.remote.codec.w3c.W3CHttpResponseCodec.decode(W3CHttpResponseCodec.java:50)
at org.openqa.selenium.remote.HttpCommandExecutor.execute(HttpCommandExecutor.java:190)
at org.openqa.selenium.remote.service.DriverCommandExecutor.invokeExecute(DriverCommandExecutor.java:216)
at org.openqa.selenium.remote.service.DriverCommandExecutor.execute(DriverCommandExecutor.java:174)
at org.openqa.selenium.remote.RemoteWebDriver.execute(RemoteWebDriver.java:545)
at org.openqa.selenium.remote.RemoteWebDriver.execute(RemoteWebDriver.java:618)
at org.openqa.selenium.remote.RemoteWebDriver.execute(RemoteWebDriver.java:622)
at org.openqa.selenium.remote.RemoteWebDriver$RemoteWebDriverOptions$RemoteWindow.maximize(RemoteWebDriver.java:1061)
at testbase.BaseTest.runTimesetup(BaseTest.java:111)
at java.base/java.util.ArrayList.forEach(ArrayList.java:1597)
... Removed 26 stack frames]]>
    </failure>
  </testcase> <!-- @BeforeClass runTimesetup -->
  <testcase classname="testCases.GroupsAndUsersTest" name="@BeforeClass groupAndUserSetup" time="0.0">
    <skipped/>
  </testcase> <!-- @BeforeClass groupAndUserSetup -->
  <testcase classname="testbase.BaseTest" name="@AfterClass teardown" time="0.0">
    <skipped/>
  </testcase> <!-- @AfterClass teardown -->
  <testcase classname="testbase.BaseTest" name="@BeforeClass runTimesetup" time="33.377">
    <failure type="org.openqa.selenium.NoSuchWindowException" message="Browsing context has been discarded
Build info: version: &amp;apos;4.26.0&amp;apos;, revision: &amp;apos;8ccf0219d7&amp;apos;
System info: os.name: &amp;apos;Windows 10&amp;apos;, os.arch: &amp;apos;amd64&amp;apos;, os.version: &amp;apos;10.0&amp;apos;, java.version: &amp;apos;22.0.2&amp;apos;
Driver info: org.openqa.selenium.firefox.FirefoxDriver
Command: [6cca4370-208b-4136-b40c-103d070f09d9, maximizeCurrentWindow {}]
Capabilities {acceptInsecureCerts: true, browserName: firefox, browserVersion: 133.0, moz:accessibilityChecks: false, moz:buildID: 20241121140525, moz:debuggerAddress: 127.0.0.1:27368, moz:geckodriverVersion: 0.35.0, moz:headless: false, moz:platformVersion: 10.0, moz:processID: 7216, moz:profile: C:\Users\Admin\AppData\Loca..., moz:shutdownTimeout: 60000, moz:webdriverClick: true, moz:windowless: false, pageLoadStrategy: normal, platformName: windows, proxy: Proxy(), se:cdp: ws://127.0.0.1:27368/devtoo..., se:cdpVersion: 85.0, setWindowRect: true, strictFileInteractability: false, timeouts: {implicit: 0, pageLoad: 300000, script: 30000}, unhandledPromptBehavior: dismiss and notify, userAgent: Mozilla/5.0 (Windows NT 10....}
Session ID: 6cca4370-208b-4136-b40c-103d070f09d9">
      <![CDATA[org.openqa.selenium.NoSuchWindowException: Browsing context has been discarded
Build info: version: '4.26.0', revision: '8ccf0219d7'
System info: os.name: 'Windows 10', os.arch: 'amd64', os.version: '10.0', java.version: '22.0.2'
Driver info: org.openqa.selenium.firefox.FirefoxDriver
Command: [6cca4370-208b-4136-b40c-103d070f09d9, maximizeCurrentWindow {}]
Capabilities {acceptInsecureCerts: true, browserName: firefox, browserVersion: 133.0, moz:accessibilityChecks: false, moz:buildID: 20241121140525, moz:debuggerAddress: 127.0.0.1:27368, moz:geckodriverVersion: 0.35.0, moz:headless: false, moz:platformVersion: 10.0, moz:processID: 7216, moz:profile: C:\Users\Admin\AppData\Loca..., moz:shutdownTimeout: 60000, moz:webdriverClick: true, moz:windowless: false, pageLoadStrategy: normal, platformName: windows, proxy: Proxy(), se:cdp: ws://127.0.0.1:27368/devtoo..., se:cdpVersion: 85.0, setWindowRect: true, strictFileInteractability: false, timeouts: {implicit: 0, pageLoad: 300000, script: 30000}, unhandledPromptBehavior: dismiss and notify, userAgent: Mozilla/5.0 (Windows NT 10....}
Session ID: 6cca4370-208b-4136-b40c-103d070f09d9
at org.openqa.selenium.remote.ErrorCodec.decode(ErrorCodec.java:167)
at org.openqa.selenium.remote.codec.w3c.W3CHttpResponseCodec.decode(W3CHttpResponseCodec.java:138)
at org.openqa.selenium.remote.codec.w3c.W3CHttpResponseCodec.decode(W3CHttpResponseCodec.java:50)
at org.openqa.selenium.remote.HttpCommandExecutor.execute(HttpCommandExecutor.java:190)
at org.openqa.selenium.remote.service.DriverCommandExecutor.invokeExecute(DriverCommandExecutor.java:216)
at org.openqa.selenium.remote.service.DriverCommandExecutor.execute(DriverCommandExecutor.java:174)
at org.openqa.selenium.remote.RemoteWebDriver.execute(RemoteWebDriver.java:545)
at org.openqa.selenium.remote.RemoteWebDriver.execute(RemoteWebDriver.java:618)
at org.openqa.selenium.remote.RemoteWebDriver.execute(RemoteWebDriver.java:622)
at org.openqa.selenium.remote.RemoteWebDriver$RemoteWebDriverOptions$RemoteWindow.maximize(RemoteWebDriver.java:1061)
at testbase.BaseTest.runTimesetup(BaseTest.java:111)
at java.base/java.util.ArrayList.forEach(ArrayList.java:1597)
... Removed 26 stack frames]]>
    </failure>
  </testcase> <!-- @BeforeClass runTimesetup -->
  <testcase classname="testCases.CampaignsTest" name="@BeforeClass groupAndUserSetup" time="0.0">
    <skipped/>
  </testcase> <!-- @BeforeClass groupAndUserSetup -->
  <testcase classname="testbase.BaseTest" name="@AfterClass teardown" time="0.0">
    <skipped/>
  </testcase> <!-- @AfterClass teardown -->
  <testcase classname="testCases.loginPageTest" name="logintextpresence" time="1.498"/>
  <testcase classname="testCases.loginPageTest" name="validloginTest" time="2.75"/>
  <testcase classname="testCases.GroupsAndUsersTest" name="groupsAndUserPageNavigationTest" time="0.0">
    <skipped/>
  </testcase> <!-- groupsAndUserPageNavigationTest -->
  <testcase classname="testCases.GroupsAndUsersTest" name="groupsAndUserHeaderTest" time="0.0">
    <skipped/>
  </testcase> <!-- groupsAndUserHeaderTest -->
  <testcase classname="testCases.GroupsAndUsersTest" name="createGroupTest" time="0.0">
    <skipped/>
  </testcase> <!-- createGroupTest -->
  <testcase classname="testCases.GroupsAndUsersTest" name="groupgrid" time="0.0">
    <skipped/>
  </testcase> <!-- groupgrid -->
  <testcase classname="testCases.GroupsAndUsersTest" name="editGroup" time="0.0">
    <skipped/>
  </testcase> <!-- editGroup -->
  <testcase classname="testCases.GroupsAndUsersTest" name="editedgroupongrid" time="0.0">
    <skipped/>
  </testcase> <!-- editedgroupongrid -->
  <testcase classname="testCases.GroupsAndUsersTest" name="deletegroupongrid" time="0.0">
    <skipped/>
  </testcase> <!-- deletegroupongrid -->
  <testcase classname="testCases.GroupsAndUsersTest" name="createUserTest" time="0.0">
    <skipped/>
  </testcase> <!-- createUserTest -->
  <testcase classname="testCases.GroupsAndUsersTest" name="Usergrid" time="0.01">
    <skipped/>
  </testcase> <!-- Usergrid -->
  <testcase classname="testCases.GroupsAndUsersTest" name="edituser" time="0.0">
    <skipped/>
  </testcase> <!-- edituser -->
  <testcase classname="testCases.GroupsAndUsersTest" name="editUsergrid" time="0.0">
    <skipped/>
  </testcase> <!-- editUsergrid -->
  <testcase classname="testCases.GroupsAndUsersTest" name="deleteuserongrid" time="0.0">
    <skipped/>
  </testcase> <!-- deleteuserongrid -->
  <testcase classname="testCases.CampaignsTest" name="cmapaignPageNavigationTest" time="0.0">
    <skipped/>
  </testcase> <!-- cmapaignPageNavigationTest -->
  <testcase classname="testCases.CampaignsTest" name="createCampaignTest" time="0.0">
    <skipped/>
  </testcase> <!-- createCampaignTest -->
  <testcase classname="testCases.CampaignsTest" name="createCampaignTest_fromcreateanothercampaignbutton" time="0.0">
    <skipped/>
  </testcase> <!-- createCampaignTest_fromcreateanothercampaignbutton -->
  <testcase classname="testCases.CampaignsTest" name="campaignGrid" time="0.0">
    <skipped/>
  </testcase> <!-- campaignGrid -->
  <testcase classname="testCases.CampaignsTest" name="editCampaign" time="0.003">
    <skipped/>
  </testcase> <!-- editCampaign -->
  <testcase classname="testCases.CampaignsTest" name="editedcampaignongrid" time="0.001">
    <skipped/>
  </testcase> <!-- editedcampaignongrid -->
  <testcase classname="testCases.CampaignsTest" name="deletegroupongrid" time="0.0">
    <skipped/>
  </testcase> <!-- deletegroupongrid -->
</testsuite> <!-- Test -->
